2025-03-08 19:17:40,865 - INFO - Starting barrier performance test runner
2025-03-08 19:17:40,866 - INFO - Test name: perf_lib_openmp
2025-03-08 19:17:40,866 - INFO - Executable: ../performance/barrier/perf_lib_openmp
2025-03-08 19:17:40,866 - INFO - Output directory: perf_lib_openmp
2025-03-08 19:17:40,866 - INFO - Log file: perf_lib_openmp/perf_lib_openmp_runner.log
2025-03-08 19:17:40,866 - INFO - CSV file: perf_lib_openmp/perf_lib_openmp_results.csv
2025-03-08 19:17:40,866 - INFO - Thread counts: [1, 2, 4, 8, 16]
2025-03-08 19:17:40,866 - INFO - Phase counts: [100000]
2025-03-08 19:17:40,866 - INFO - Runs per configuration: 3
2025-03-08 19:17:40,866 - INFO - Timeout per run: 60 seconds
2025-03-08 19:17:40,866 - INFO - Configuration: 1 threads, 100000 phases (Run 1/3)
2025-03-08 19:17:40,866 - INFO - Running command: ../performance/barrier/perf_lib_openmp 1 100000 (timeout: 60s)
2025-03-08 19:17:40,978 - INFO - Results: {'num_threads': 1, 'total_phases': 100000, 'elapsed_seconds': 0.1078, 'phases_per_second': 927855.74, 'test_name': 'perf_lib_openmp', 'status': 'success'}
2025-03-08 19:17:40,978 - INFO - Configuration: 1 threads, 100000 phases (Run 2/3)
2025-03-08 19:17:40,978 - INFO - Running command: ../performance/barrier/perf_lib_openmp 1 100000 (timeout: 60s)
2025-03-08 19:17:41,112 - INFO - Results: {'num_threads': 1, 'total_phases': 100000, 'elapsed_seconds': 0.1316, 'phases_per_second': 759888.88, 'test_name': 'perf_lib_openmp', 'status': 'success'}
2025-03-08 19:17:41,113 - INFO - Configuration: 1 threads, 100000 phases (Run 3/3)
2025-03-08 19:17:41,113 - INFO - Running command: ../performance/barrier/perf_lib_openmp 1 100000 (timeout: 60s)
2025-03-08 19:17:41,236 - INFO - Results: {'num_threads': 1, 'total_phases': 100000, 'elapsed_seconds': 0.1216, 'phases_per_second': 822316.84, 'test_name': 'perf_lib_openmp', 'status': 'success'}
2025-03-08 19:17:41,237 - INFO - Configuration: 2 threads, 100000 phases (Run 1/3)
2025-03-08 19:17:41,237 - INFO - Running command: ../performance/barrier/perf_lib_openmp 2 100000 (timeout: 60s)
2025-03-08 19:17:41,357 - INFO - Results: {'num_threads': 2, 'total_phases': 100000, 'elapsed_seconds': 0.1173, 'phases_per_second': 852188.27, 'test_name': 'perf_lib_openmp', 'status': 'success'}
2025-03-08 19:17:41,357 - INFO - Configuration: 2 threads, 100000 phases (Run 2/3)
2025-03-08 19:17:41,357 - INFO - Running command: ../performance/barrier/perf_lib_openmp 2 100000 (timeout: 60s)
2025-03-08 19:17:41,475 - INFO - Results: {'num_threads': 2, 'total_phases': 100000, 'elapsed_seconds': 0.1155, 'phases_per_second': 865816.95, 'test_name': 'perf_lib_openmp', 'status': 'success'}
2025-03-08 19:17:41,475 - INFO - Configuration: 2 threads, 100000 phases (Run 3/3)
2025-03-08 19:17:41,475 - INFO - Running command: ../performance/barrier/perf_lib_openmp 2 100000 (timeout: 60s)
2025-03-08 19:17:41,593 - INFO - Results: {'num_threads': 2, 'total_phases': 100000, 'elapsed_seconds': 0.1155, 'phases_per_second': 865500.38, 'test_name': 'perf_lib_openmp', 'status': 'success'}
2025-03-08 19:17:41,594 - INFO - Configuration: 4 threads, 100000 phases (Run 1/3)
2025-03-08 19:17:41,594 - INFO - Running command: ../performance/barrier/perf_lib_openmp 4 100000 (timeout: 60s)
2025-03-08 19:17:41,740 - INFO - Results: {'num_threads': 4, 'total_phases': 100000, 'elapsed_seconds': 0.1436, 'phases_per_second': 696502.07, 'test_name': 'perf_lib_openmp', 'status': 'success'}
2025-03-08 19:17:41,740 - INFO - Configuration: 4 threads, 100000 phases (Run 2/3)
2025-03-08 19:17:41,740 - INFO - Running command: ../performance/barrier/perf_lib_openmp 4 100000 (timeout: 60s)
2025-03-08 19:17:41,906 - INFO - Results: {'num_threads': 4, 'total_phases': 100000, 'elapsed_seconds': 0.1629, 'phases_per_second': 613788.16, 'test_name': 'perf_lib_openmp', 'status': 'success'}
2025-03-08 19:17:41,906 - INFO - Configuration: 4 threads, 100000 phases (Run 3/3)
2025-03-08 19:17:41,906 - INFO - Running command: ../performance/barrier/perf_lib_openmp 4 100000 (timeout: 60s)
2025-03-08 19:17:42,033 - INFO - Results: {'num_threads': 4, 'total_phases': 100000, 'elapsed_seconds': 0.1251, 'phases_per_second': 799197.91, 'test_name': 'perf_lib_openmp', 'status': 'success'}
2025-03-08 19:17:42,034 - INFO - Configuration: 8 threads, 100000 phases (Run 1/3)
2025-03-08 19:17:42,034 - INFO - Running command: ../performance/barrier/perf_lib_openmp 8 100000 (timeout: 60s)
2025-03-08 19:17:45,235 - INFO - Results: {'num_threads': 8, 'total_phases': 100000, 'elapsed_seconds': 3.1994, 'phases_per_second': 31255.89, 'test_name': 'perf_lib_openmp', 'status': 'success'}
2025-03-08 19:17:45,236 - INFO - Configuration: 8 threads, 100000 phases (Run 2/3)
2025-03-08 19:17:45,236 - INFO - Running command: ../performance/barrier/perf_lib_openmp 8 100000 (timeout: 60s)
2025-03-08 19:17:48,451 - INFO - Results: {'num_threads': 8, 'total_phases': 100000, 'elapsed_seconds': 3.2132, 'phases_per_second': 31121.15, 'test_name': 'perf_lib_openmp', 'status': 'success'}
2025-03-08 19:17:48,451 - INFO - Configuration: 8 threads, 100000 phases (Run 3/3)
2025-03-08 19:17:48,452 - INFO - Running command: ../performance/barrier/perf_lib_openmp 8 100000 (timeout: 60s)
2025-03-08 19:17:51,933 - INFO - Results: {'num_threads': 8, 'total_phases': 100000, 'elapsed_seconds': 3.4788, 'phases_per_second': 28745.24, 'test_name': 'perf_lib_openmp', 'status': 'success'}
2025-03-08 19:17:51,933 - INFO - Configuration: 16 threads, 100000 phases (Run 1/3)
2025-03-08 19:17:51,933 - INFO - Running command: ../performance/barrier/perf_lib_openmp 16 100000 (timeout: 60s)
2025-03-08 19:18:02,869 - INFO - Results: {'num_threads': 16, 'total_phases': 100000, 'elapsed_seconds': 10.9339, 'phases_per_second': 9145.87, 'test_name': 'perf_lib_openmp', 'status': 'success'}
2025-03-08 19:18:02,870 - INFO - Configuration: 16 threads, 100000 phases (Run 2/3)
2025-03-08 19:18:02,870 - INFO - Running command: ../performance/barrier/perf_lib_openmp 16 100000 (timeout: 60s)
2025-03-08 19:18:10,758 - INFO - Results: {'num_threads': 16, 'total_phases': 100000, 'elapsed_seconds': 7.8859, 'phases_per_second': 12680.83, 'test_name': 'perf_lib_openmp', 'status': 'success'}
2025-03-08 19:18:10,760 - INFO - Configuration: 16 threads, 100000 phases (Run 3/3)
2025-03-08 19:18:10,760 - INFO - Running command: ../performance/barrier/perf_lib_openmp 16 100000 (timeout: 60s)
2025-03-08 19:18:17,104 - INFO - Results: {'num_threads': 16, 'total_phases': 100000, 'elapsed_seconds': 6.3417, 'phases_per_second': 15768.62, 'test_name': 'perf_lib_openmp', 'status': 'success'}
2025-03-08 19:18:17,104 - INFO - All tests completed. Results saved to perf_lib_openmp/perf_lib_openmp_results.csv
