2025-03-25 19:00:07,145 - INFO - Starting barrier performance test runner
2025-03-25 19:00:07,145 - INFO - Test name: perf_lib_cpp
2025-03-25 19:00:07,145 - INFO - Executable: ../../../build/performance/barrier/perf_lib_cpp
2025-03-25 19:00:07,145 - INFO - Output directory: perf_lib_cpp
2025-03-25 19:00:07,145 - INFO - Log file: perf_lib_cpp/perf_lib_cpp_runner.log
2025-03-25 19:00:07,145 - INFO - CSV file: perf_lib_cpp/perf_lib_cpp_results.csv
2025-03-25 19:00:07,145 - INFO - Thread counts: [1, 2, 4, 8, 16]
2025-03-25 19:00:07,145 - INFO - Phase counts: [100000]
2025-03-25 19:00:07,145 - INFO - Runs per configuration: 3
2025-03-25 19:00:07,145 - INFO - Timeout per run: 60 seconds
2025-03-25 19:00:07,145 - INFO - Configuration: 1 threads, 100000 phases (Run 1/3)
2025-03-25 19:00:07,145 - INFO - Running command: ../../../build/performance/barrier/perf_lib_cpp 1 100000 (timeout: 60s)
2025-03-25 19:00:07,167 - INFO - Results: {'num_threads': 1, 'total_phases': 100000, 'elapsed_seconds': 0.0192, 'phases_per_second': 5207761.84, 'test_name': 'perf_lib_cpp', 'status': 'success'}
2025-03-25 19:00:07,167 - INFO - Configuration: 1 threads, 100000 phases (Run 2/3)
2025-03-25 19:00:07,167 - INFO - Running command: ../../../build/performance/barrier/perf_lib_cpp 1 100000 (timeout: 60s)
2025-03-25 19:00:07,186 - INFO - Results: {'num_threads': 1, 'total_phases': 100000, 'elapsed_seconds': 0.0166, 'phases_per_second': 6032143.12, 'test_name': 'perf_lib_cpp', 'status': 'success'}
2025-03-25 19:00:07,187 - INFO - Configuration: 1 threads, 100000 phases (Run 3/3)
2025-03-25 19:00:07,187 - INFO - Running command: ../../../build/performance/barrier/perf_lib_cpp 1 100000 (timeout: 60s)
2025-03-25 19:00:07,205 - INFO - Results: {'num_threads': 1, 'total_phases': 100000, 'elapsed_seconds': 0.0156, 'phases_per_second': 6392522.49, 'test_name': 'perf_lib_cpp', 'status': 'success'}
2025-03-25 19:00:07,205 - INFO - Configuration: 2 threads, 100000 phases (Run 1/3)
2025-03-25 19:00:07,205 - INFO - Running command: ../../../build/performance/barrier/perf_lib_cpp 2 100000 (timeout: 60s)
2025-03-25 19:00:07,312 - INFO - Results: {'num_threads': 2, 'total_phases': 100000, 'elapsed_seconds': 0.1045, 'phases_per_second': 957190.1, 'test_name': 'perf_lib_cpp', 'status': 'success'}
2025-03-25 19:00:07,312 - INFO - Configuration: 2 threads, 100000 phases (Run 2/3)
2025-03-25 19:00:07,312 - INFO - Running command: ../../../build/performance/barrier/perf_lib_cpp 2 100000 (timeout: 60s)
2025-03-25 19:00:07,404 - INFO - Results: {'num_threads': 2, 'total_phases': 100000, 'elapsed_seconds': 0.0882, 'phases_per_second': 1134291.54, 'test_name': 'perf_lib_cpp', 'status': 'success'}
2025-03-25 19:00:07,404 - INFO - Configuration: 2 threads, 100000 phases (Run 3/3)
2025-03-25 19:00:07,404 - INFO - Running command: ../../../build/performance/barrier/perf_lib_cpp 2 100000 (timeout: 60s)
2025-03-25 19:00:07,500 - INFO - Results: {'num_threads': 2, 'total_phases': 100000, 'elapsed_seconds': 0.0937, 'phases_per_second': 1067647.18, 'test_name': 'perf_lib_cpp', 'status': 'success'}
2025-03-25 19:00:07,500 - INFO - Configuration: 4 threads, 100000 phases (Run 1/3)
2025-03-25 19:00:07,500 - INFO - Running command: ../../../build/performance/barrier/perf_lib_cpp 4 100000 (timeout: 60s)
2025-03-25 19:00:07,669 - INFO - Results: {'num_threads': 4, 'total_phases': 100000, 'elapsed_seconds': 0.1666, 'phases_per_second': 600171.17, 'test_name': 'perf_lib_cpp', 'status': 'success'}
2025-03-25 19:00:07,669 - INFO - Configuration: 4 threads, 100000 phases (Run 2/3)
2025-03-25 19:00:07,669 - INFO - Running command: ../../../build/performance/barrier/perf_lib_cpp 4 100000 (timeout: 60s)
2025-03-25 19:00:07,879 - INFO - Results: {'num_threads': 4, 'total_phases': 100000, 'elapsed_seconds': 0.2075, 'phases_per_second': 482016.89, 'test_name': 'perf_lib_cpp', 'status': 'success'}
2025-03-25 19:00:07,879 - INFO - Configuration: 4 threads, 100000 phases (Run 3/3)
2025-03-25 19:00:07,879 - INFO - Running command: ../../../build/performance/barrier/perf_lib_cpp 4 100000 (timeout: 60s)
2025-03-25 19:00:08,029 - INFO - Results: {'num_threads': 4, 'total_phases': 100000, 'elapsed_seconds': 0.1481, 'phases_per_second': 675238.65, 'test_name': 'perf_lib_cpp', 'status': 'success'}
2025-03-25 19:00:08,029 - INFO - Configuration: 8 threads, 100000 phases (Run 1/3)
2025-03-25 19:00:08,029 - INFO - Running command: ../../../build/performance/barrier/perf_lib_cpp 8 100000 (timeout: 60s)
2025-03-25 19:00:08,734 - INFO - Results: {'num_threads': 8, 'total_phases': 100000, 'elapsed_seconds': 0.7022, 'phases_per_second': 142401.38, 'test_name': 'perf_lib_cpp', 'status': 'success'}
2025-03-25 19:00:08,734 - INFO - Configuration: 8 threads, 100000 phases (Run 2/3)
2025-03-25 19:00:08,734 - INFO - Running command: ../../../build/performance/barrier/perf_lib_cpp 8 100000 (timeout: 60s)
2025-03-25 19:00:09,368 - INFO - Results: {'num_threads': 8, 'total_phases': 100000, 'elapsed_seconds': 0.6316, 'phases_per_second': 158327.02, 'test_name': 'perf_lib_cpp', 'status': 'success'}
2025-03-25 19:00:09,368 - INFO - Configuration: 8 threads, 100000 phases (Run 3/3)
2025-03-25 19:00:09,368 - INFO - Running command: ../../../build/performance/barrier/perf_lib_cpp 8 100000 (timeout: 60s)
2025-03-25 19:00:09,964 - INFO - Results: {'num_threads': 8, 'total_phases': 100000, 'elapsed_seconds': 0.5934, 'phases_per_second': 168508.82, 'test_name': 'perf_lib_cpp', 'status': 'success'}
2025-03-25 19:00:09,964 - INFO - Configuration: 16 threads, 100000 phases (Run 1/3)
2025-03-25 19:00:09,964 - INFO - Running command: ../../../build/performance/barrier/perf_lib_cpp 16 100000 (timeout: 60s)
2025-03-25 19:00:11,583 - INFO - Results: {'num_threads': 16, 'total_phases': 100000, 'elapsed_seconds': 1.6169, 'phases_per_second': 61847.23, 'test_name': 'perf_lib_cpp', 'status': 'success'}
2025-03-25 19:00:11,583 - INFO - Configuration: 16 threads, 100000 phases (Run 2/3)
2025-03-25 19:00:11,583 - INFO - Running command: ../../../build/performance/barrier/perf_lib_cpp 16 100000 (timeout: 60s)
2025-03-25 19:00:13,270 - INFO - Results: {'num_threads': 16, 'total_phases': 100000, 'elapsed_seconds': 1.6843, 'phases_per_second': 59372.89, 'test_name': 'perf_lib_cpp', 'status': 'success'}
2025-03-25 19:00:13,270 - INFO - Configuration: 16 threads, 100000 phases (Run 3/3)
2025-03-25 19:00:13,270 - INFO - Running command: ../../../build/performance/barrier/perf_lib_cpp 16 100000 (timeout: 60s)
2025-03-25 19:00:16,578 - INFO - Results: {'num_threads': 16, 'total_phases': 100000, 'elapsed_seconds': 3.3056, 'phases_per_second': 30251.99, 'test_name': 'perf_lib_cpp', 'status': 'success'}
2025-03-25 19:00:16,578 - INFO - All tests completed. Results saved to perf_lib_cpp/perf_lib_cpp_results.csv
