2025-03-25 19:00:38,159 - INFO - Starting barrier performance test runner
2025-03-25 19:00:38,159 - INFO - Test name: perf_lib_pthreads
2025-03-25 19:00:38,159 - INFO - Executable: ../../../build/performance/barrier/perf_lib_pthreads
2025-03-25 19:00:38,159 - INFO - Output directory: perf_lib_pthreads
2025-03-25 19:00:38,159 - INFO - Log file: perf_lib_pthreads/perf_lib_pthreads_runner.log
2025-03-25 19:00:38,159 - INFO - CSV file: perf_lib_pthreads/perf_lib_pthreads_results.csv
2025-03-25 19:00:38,159 - INFO - Thread counts: [1, 2, 4, 8, 16]
2025-03-25 19:00:38,159 - INFO - Phase counts: [100000]
2025-03-25 19:00:38,159 - INFO - Runs per configuration: 3
2025-03-25 19:00:38,159 - INFO - Timeout per run: 60 seconds
2025-03-25 19:00:38,160 - INFO - Configuration: 1 threads, 100000 phases (Run 1/3)
2025-03-25 19:00:38,160 - INFO - Running command: ../../../build/performance/barrier/perf_lib_pthreads 1 100000 (timeout: 60s)
2025-03-25 19:00:38,212 - INFO - Results: {'num_threads': 1, 'total_phases': 100000, 'elapsed_seconds': 0.0497, 'phases_per_second': 2011501.77, 'test_name': 'perf_lib_pthreads', 'status': 'success'}
2025-03-25 19:00:38,212 - INFO - Configuration: 1 threads, 100000 phases (Run 2/3)
2025-03-25 19:00:38,212 - INFO - Running command: ../../../build/performance/barrier/perf_lib_pthreads 1 100000 (timeout: 60s)
2025-03-25 19:00:38,274 - INFO - Results: {'num_threads': 1, 'total_phases': 100000, 'elapsed_seconds': 0.0592, 'phases_per_second': 1688576.08, 'test_name': 'perf_lib_pthreads', 'status': 'success'}
2025-03-25 19:00:38,274 - INFO - Configuration: 1 threads, 100000 phases (Run 3/3)
2025-03-25 19:00:38,274 - INFO - Running command: ../../../build/performance/barrier/perf_lib_pthreads 1 100000 (timeout: 60s)
2025-03-25 19:00:38,328 - INFO - Results: {'num_threads': 1, 'total_phases': 100000, 'elapsed_seconds': 0.0519, 'phases_per_second': 1927419.03, 'test_name': 'perf_lib_pthreads', 'status': 'success'}
2025-03-25 19:00:38,329 - INFO - Configuration: 2 threads, 100000 phases (Run 1/3)
2025-03-25 19:00:38,329 - INFO - Running command: ../../../build/performance/barrier/perf_lib_pthreads 2 100000 (timeout: 60s)
2025-03-25 19:00:38,651 - INFO - Results: {'num_threads': 2, 'total_phases': 100000, 'elapsed_seconds': 0.3206, 'phases_per_second': 311919.44, 'test_name': 'perf_lib_pthreads', 'status': 'success'}
2025-03-25 19:00:38,652 - INFO - Configuration: 2 threads, 100000 phases (Run 2/3)
2025-03-25 19:00:38,652 - INFO - Running command: ../../../build/performance/barrier/perf_lib_pthreads 2 100000 (timeout: 60s)
2025-03-25 19:00:39,018 - INFO - Results: {'num_threads': 2, 'total_phases': 100000, 'elapsed_seconds': 0.3641, 'phases_per_second': 274673.91, 'test_name': 'perf_lib_pthreads', 'status': 'success'}
2025-03-25 19:00:39,018 - INFO - Configuration: 2 threads, 100000 phases (Run 3/3)
2025-03-25 19:00:39,018 - INFO - Running command: ../../../build/performance/barrier/perf_lib_pthreads 2 100000 (timeout: 60s)
2025-03-25 19:00:39,344 - INFO - Results: {'num_threads': 2, 'total_phases': 100000, 'elapsed_seconds': 0.3238, 'phases_per_second': 308827.85, 'test_name': 'perf_lib_pthreads', 'status': 'success'}
2025-03-25 19:00:39,345 - INFO - Configuration: 4 threads, 100000 phases (Run 1/3)
2025-03-25 19:00:39,345 - INFO - Running command: ../../../build/performance/barrier/perf_lib_pthreads 4 100000 (timeout: 60s)
2025-03-25 19:00:39,929 - INFO - Results: {'num_threads': 4, 'total_phases': 100000, 'elapsed_seconds': 0.5819, 'phases_per_second': 171861.21, 'test_name': 'perf_lib_pthreads', 'status': 'success'}
2025-03-25 19:00:39,929 - INFO - Configuration: 4 threads, 100000 phases (Run 2/3)
2025-03-25 19:00:39,929 - INFO - Running command: ../../../build/performance/barrier/perf_lib_pthreads 4 100000 (timeout: 60s)
2025-03-25 19:00:40,980 - INFO - Results: {'num_threads': 4, 'total_phases': 100000, 'elapsed_seconds': 1.0482, 'phases_per_second': 95398.34, 'test_name': 'perf_lib_pthreads', 'status': 'success'}
2025-03-25 19:00:40,980 - INFO - Configuration: 4 threads, 100000 phases (Run 3/3)
2025-03-25 19:00:40,980 - INFO - Running command: ../../../build/performance/barrier/perf_lib_pthreads 4 100000 (timeout: 60s)
2025-03-25 19:00:41,718 - INFO - Results: {'num_threads': 4, 'total_phases': 100000, 'elapsed_seconds': 0.7359, 'phases_per_second': 135880.29, 'test_name': 'perf_lib_pthreads', 'status': 'success'}
2025-03-25 19:00:41,718 - INFO - Configuration: 8 threads, 100000 phases (Run 1/3)
2025-03-25 19:00:41,719 - INFO - Running command: ../../../build/performance/barrier/perf_lib_pthreads 8 100000 (timeout: 60s)
2025-03-25 19:00:43,403 - INFO - Results: {'num_threads': 8, 'total_phases': 100000, 'elapsed_seconds': 1.6818, 'phases_per_second': 59461.75, 'test_name': 'perf_lib_pthreads', 'status': 'success'}
2025-03-25 19:00:43,403 - INFO - Configuration: 8 threads, 100000 phases (Run 2/3)
2025-03-25 19:00:43,403 - INFO - Running command: ../../../build/performance/barrier/perf_lib_pthreads 8 100000 (timeout: 60s)
2025-03-25 19:00:45,022 - INFO - Results: {'num_threads': 8, 'total_phases': 100000, 'elapsed_seconds': 1.6171, 'phases_per_second': 61840.88, 'test_name': 'perf_lib_pthreads', 'status': 'success'}
2025-03-25 19:00:45,022 - INFO - Configuration: 8 threads, 100000 phases (Run 3/3)
2025-03-25 19:00:45,023 - INFO - Running command: ../../../build/performance/barrier/perf_lib_pthreads 8 100000 (timeout: 60s)
2025-03-25 19:00:46,815 - INFO - Results: {'num_threads': 8, 'total_phases': 100000, 'elapsed_seconds': 1.7901, 'phases_per_second': 55864.01, 'test_name': 'perf_lib_pthreads', 'status': 'success'}
2025-03-25 19:00:46,815 - INFO - Configuration: 16 threads, 100000 phases (Run 1/3)
2025-03-25 19:00:46,815 - INFO - Running command: ../../../build/performance/barrier/perf_lib_pthreads 16 100000 (timeout: 60s)
2025-03-25 19:00:50,520 - INFO - Results: {'num_threads': 16, 'total_phases': 100000, 'elapsed_seconds': 3.702, 'phases_per_second': 27012.36, 'test_name': 'perf_lib_pthreads', 'status': 'success'}
2025-03-25 19:00:50,520 - INFO - Configuration: 16 threads, 100000 phases (Run 2/3)
2025-03-25 19:00:50,520 - INFO - Running command: ../../../build/performance/barrier/perf_lib_pthreads 16 100000 (timeout: 60s)
2025-03-25 19:00:54,367 - INFO - Results: {'num_threads': 16, 'total_phases': 100000, 'elapsed_seconds': 3.8441, 'phases_per_second': 26013.73, 'test_name': 'perf_lib_pthreads', 'status': 'success'}
2025-03-25 19:00:54,367 - INFO - Configuration: 16 threads, 100000 phases (Run 3/3)
2025-03-25 19:00:54,367 - INFO - Running command: ../../../build/performance/barrier/perf_lib_pthreads 16 100000 (timeout: 60s)
2025-03-25 19:00:58,009 - INFO - Results: {'num_threads': 16, 'total_phases': 100000, 'elapsed_seconds': 3.6404, 'phases_per_second': 27469.61, 'test_name': 'perf_lib_pthreads', 'status': 'success'}
2025-03-25 19:00:58,010 - INFO - All tests completed. Results saved to perf_lib_pthreads/perf_lib_pthreads_results.csv
