2025-03-29 13:50:24,908 - INFO - Starting barrier performance test runner
2025-03-29 13:50:24,908 - INFO - Test name: perf_lib_openmp
2025-03-29 13:50:24,908 - INFO - Executable: ../build/performance/barrier/perf_lib_openmp
2025-03-29 13:50:24,909 - INFO - Output directory: perf_lib_openmp
2025-03-29 13:50:24,909 - INFO - Log file: perf_lib_openmp/perf_lib_openmp_runner.log
2025-03-29 13:50:24,909 - INFO - CSV file: perf_lib_openmp/perf_lib_openmp_results.csv
2025-03-29 13:50:24,909 - INFO - Thread counts: [1, 2, 4, 8, 16]
2025-03-29 13:50:24,910 - INFO - Phase counts: [100000]
2025-03-29 13:50:24,910 - INFO - Runs per configuration: 3
2025-03-29 13:50:24,910 - INFO - Timeout per run: 60 seconds
2025-03-29 13:50:24,910 - INFO - Configuration: 1 threads, 100000 phases (Run 1/3)
2025-03-29 13:50:24,910 - INFO - Running command: ../build/performance/barrier/perf_lib_openmp 1 100000 (timeout: 60s)
2025-03-29 13:50:24,934 - INFO - Results: {'num_threads': 1, 'total_phases': 100000, 'elapsed_seconds': 0.0182, 'phases_per_second': 5493941.91, 'test_name': 'perf_lib_openmp', 'status': 'success'}
2025-03-29 13:50:24,935 - INFO - Configuration: 1 threads, 100000 phases (Run 2/3)
2025-03-29 13:50:24,935 - INFO - Running command: ../build/performance/barrier/perf_lib_openmp 1 100000 (timeout: 60s)
2025-03-29 13:50:24,961 - INFO - Results: {'num_threads': 1, 'total_phases': 100000, 'elapsed_seconds': 0.0188, 'phases_per_second': 5325294.84, 'test_name': 'perf_lib_openmp', 'status': 'success'}
2025-03-29 13:50:24,961 - INFO - Configuration: 1 threads, 100000 phases (Run 3/3)
2025-03-29 13:50:24,961 - INFO - Running command: ../build/performance/barrier/perf_lib_openmp 1 100000 (timeout: 60s)
2025-03-29 13:50:24,983 - INFO - Results: {'num_threads': 1, 'total_phases': 100000, 'elapsed_seconds': 0.0175, 'phases_per_second': 5716073.05, 'test_name': 'perf_lib_openmp', 'status': 'success'}
2025-03-29 13:50:24,983 - INFO - Configuration: 2 threads, 100000 phases (Run 1/3)
2025-03-29 13:50:24,983 - INFO - Running command: ../build/performance/barrier/perf_lib_openmp 2 100000 (timeout: 60s)
2025-03-29 13:50:25,004 - INFO - Results: {'num_threads': 2, 'total_phases': 100000, 'elapsed_seconds': 0.0197, 'phases_per_second': 5073616.91, 'test_name': 'perf_lib_openmp', 'status': 'success'}
2025-03-29 13:50:25,004 - INFO - Configuration: 2 threads, 100000 phases (Run 2/3)
2025-03-29 13:50:25,005 - INFO - Running command: ../build/performance/barrier/perf_lib_openmp 2 100000 (timeout: 60s)
2025-03-29 13:50:25,030 - INFO - Results: {'num_threads': 2, 'total_phases': 100000, 'elapsed_seconds': 0.0218, 'phases_per_second': 4579273.94, 'test_name': 'perf_lib_openmp', 'status': 'success'}
2025-03-29 13:50:25,030 - INFO - Configuration: 2 threads, 100000 phases (Run 3/3)
2025-03-29 13:50:25,030 - INFO - Running command: ../build/performance/barrier/perf_lib_openmp 2 100000 (timeout: 60s)
2025-03-29 13:50:25,052 - INFO - Results: {'num_threads': 2, 'total_phases': 100000, 'elapsed_seconds': 0.0199, 'phases_per_second': 5028069.45, 'test_name': 'perf_lib_openmp', 'status': 'success'}
2025-03-29 13:50:25,052 - INFO - Configuration: 4 threads, 100000 phases (Run 1/3)
2025-03-29 13:50:25,052 - INFO - Running command: ../build/performance/barrier/perf_lib_openmp 4 100000 (timeout: 60s)
2025-03-29 13:50:25,082 - INFO - Results: {'num_threads': 4, 'total_phases': 100000, 'elapsed_seconds': 0.0265, 'phases_per_second': 3779535.32, 'test_name': 'perf_lib_openmp', 'status': 'success'}
2025-03-29 13:50:25,091 - INFO - Configuration: 4 threads, 100000 phases (Run 2/3)
2025-03-29 13:50:25,091 - INFO - Running command: ../build/performance/barrier/perf_lib_openmp 4 100000 (timeout: 60s)
2025-03-29 13:50:25,122 - INFO - Results: {'num_threads': 4, 'total_phases': 100000, 'elapsed_seconds': 0.0279, 'phases_per_second': 3579428.59, 'test_name': 'perf_lib_openmp', 'status': 'success'}
2025-03-29 13:50:25,122 - INFO - Configuration: 4 threads, 100000 phases (Run 3/3)
2025-03-29 13:50:25,122 - INFO - Running command: ../build/performance/barrier/perf_lib_openmp 4 100000 (timeout: 60s)
2025-03-29 13:50:25,150 - INFO - Results: {'num_threads': 4, 'total_phases': 100000, 'elapsed_seconds': 0.0241, 'phases_per_second': 4153215.96, 'test_name': 'perf_lib_openmp', 'status': 'success'}
2025-03-29 13:50:25,150 - INFO - Configuration: 8 threads, 100000 phases (Run 1/3)
2025-03-29 13:50:25,151 - INFO - Running command: ../build/performance/barrier/perf_lib_openmp 8 100000 (timeout: 60s)
2025-03-29 13:50:25,194 - INFO - Results: {'num_threads': 8, 'total_phases': 100000, 'elapsed_seconds': 0.042, 'phases_per_second': 2383410.24, 'test_name': 'perf_lib_openmp', 'status': 'success'}
2025-03-29 13:50:25,194 - INFO - Configuration: 8 threads, 100000 phases (Run 2/3)
2025-03-29 13:50:25,194 - INFO - Running command: ../build/performance/barrier/perf_lib_openmp 8 100000 (timeout: 60s)
2025-03-29 13:50:25,272 - INFO - Results: {'num_threads': 8, 'total_phases': 100000, 'elapsed_seconds': 0.0762, 'phases_per_second': 1313059.26, 'test_name': 'perf_lib_openmp', 'status': 'success'}
2025-03-29 13:50:25,272 - INFO - Configuration: 8 threads, 100000 phases (Run 3/3)
2025-03-29 13:50:25,272 - INFO - Running command: ../build/performance/barrier/perf_lib_openmp 8 100000 (timeout: 60s)
2025-03-29 13:50:25,317 - INFO - Results: {'num_threads': 8, 'total_phases': 100000, 'elapsed_seconds': 0.0436, 'phases_per_second': 2295221.86, 'test_name': 'perf_lib_openmp', 'status': 'success'}
2025-03-29 13:50:25,318 - INFO - Configuration: 16 threads, 100000 phases (Run 1/3)
2025-03-29 13:50:25,318 - INFO - Running command: ../build/performance/barrier/perf_lib_openmp 16 100000 (timeout: 60s)
2025-03-29 13:50:29,962 - INFO - Results: {'num_threads': 16, 'total_phases': 100000, 'elapsed_seconds': 4.6419, 'phases_per_second': 21542.82, 'test_name': 'perf_lib_openmp', 'status': 'success'}
2025-03-29 13:50:29,962 - INFO - Configuration: 16 threads, 100000 phases (Run 2/3)
2025-03-29 13:50:29,962 - INFO - Running command: ../build/performance/barrier/perf_lib_openmp 16 100000 (timeout: 60s)
2025-03-29 13:50:33,758 - INFO - Results: {'num_threads': 16, 'total_phases': 100000, 'elapsed_seconds': 3.7923, 'phases_per_second': 26369.32, 'test_name': 'perf_lib_openmp', 'status': 'success'}
2025-03-29 13:50:33,758 - INFO - Configuration: 16 threads, 100000 phases (Run 3/3)
2025-03-29 13:50:33,758 - INFO - Running command: ../build/performance/barrier/perf_lib_openmp 16 100000 (timeout: 60s)
2025-03-29 13:50:37,148 - INFO - Results: {'num_threads': 16, 'total_phases': 100000, 'elapsed_seconds': 3.3888, 'phases_per_second': 29508.63, 'test_name': 'perf_lib_openmp', 'status': 'success'}
2025-03-29 13:50:37,148 - INFO - All tests completed. Results saved to perf_lib_openmp/perf_lib_openmp_results.csv
