2025-03-29 13:50:15,515 - INFO - Starting barrier performance test runner
2025-03-29 13:50:15,515 - INFO - Test name: perf_lib_cpp
2025-03-29 13:50:15,515 - INFO - Executable: ../build/performance/barrier/perf_lib_cpp
2025-03-29 13:50:15,515 - INFO - Output directory: perf_lib_cpp
2025-03-29 13:50:15,515 - INFO - Log file: perf_lib_cpp/perf_lib_cpp_runner.log
2025-03-29 13:50:15,515 - INFO - CSV file: perf_lib_cpp/perf_lib_cpp_results.csv
2025-03-29 13:50:15,515 - INFO - Thread counts: [1, 2, 4, 8, 16]
2025-03-29 13:50:15,515 - INFO - Phase counts: [100000]
2025-03-29 13:50:15,515 - INFO - Runs per configuration: 3
2025-03-29 13:50:15,515 - INFO - Timeout per run: 60 seconds
2025-03-29 13:50:15,515 - INFO - Configuration: 1 threads, 100000 phases (Run 1/3)
2025-03-29 13:50:15,515 - INFO - Running command: ../build/performance/barrier/perf_lib_cpp 1 100000 (timeout: 60s)
2025-03-29 13:50:15,535 - INFO - Results: {'num_threads': 1, 'total_phases': 100000, 'elapsed_seconds': 0.017, 'phases_per_second': 5867583.54, 'test_name': 'perf_lib_cpp', 'status': 'success'}
2025-03-29 13:50:15,536 - INFO - Configuration: 1 threads, 100000 phases (Run 2/3)
2025-03-29 13:50:15,536 - INFO - Running command: ../build/performance/barrier/perf_lib_cpp 1 100000 (timeout: 60s)
2025-03-29 13:50:15,557 - INFO - Results: {'num_threads': 1, 'total_phases': 100000, 'elapsed_seconds': 0.0177, 'phases_per_second': 5657898.77, 'test_name': 'perf_lib_cpp', 'status': 'success'}
2025-03-29 13:50:15,557 - INFO - Configuration: 1 threads, 100000 phases (Run 3/3)
2025-03-29 13:50:15,557 - INFO - Running command: ../build/performance/barrier/perf_lib_cpp 1 100000 (timeout: 60s)
2025-03-29 13:50:15,577 - INFO - Results: {'num_threads': 1, 'total_phases': 100000, 'elapsed_seconds': 0.0173, 'phases_per_second': 5791609.32, 'test_name': 'perf_lib_cpp', 'status': 'success'}
2025-03-29 13:50:15,578 - INFO - Configuration: 2 threads, 100000 phases (Run 1/3)
2025-03-29 13:50:15,579 - INFO - Running command: ../build/performance/barrier/perf_lib_cpp 2 100000 (timeout: 60s)
2025-03-29 13:50:15,646 - INFO - Results: {'num_threads': 2, 'total_phases': 100000, 'elapsed_seconds': 0.065, 'phases_per_second': 1538178.23, 'test_name': 'perf_lib_cpp', 'status': 'success'}
2025-03-29 13:50:15,646 - INFO - Configuration: 2 threads, 100000 phases (Run 2/3)
2025-03-29 13:50:15,646 - INFO - Running command: ../build/performance/barrier/perf_lib_cpp 2 100000 (timeout: 60s)
2025-03-29 13:50:15,711 - INFO - Results: {'num_threads': 2, 'total_phases': 100000, 'elapsed_seconds': 0.0637, 'phases_per_second': 1569558.53, 'test_name': 'perf_lib_cpp', 'status': 'success'}
2025-03-29 13:50:15,711 - INFO - Configuration: 2 threads, 100000 phases (Run 3/3)
2025-03-29 13:50:15,711 - INFO - Running command: ../build/performance/barrier/perf_lib_cpp 2 100000 (timeout: 60s)
2025-03-29 13:50:15,771 - INFO - Results: {'num_threads': 2, 'total_phases': 100000, 'elapsed_seconds': 0.0582, 'phases_per_second': 1717405.58, 'test_name': 'perf_lib_cpp', 'status': 'success'}
2025-03-29 13:50:15,771 - INFO - Configuration: 4 threads, 100000 phases (Run 1/3)
2025-03-29 13:50:15,771 - INFO - Running command: ../build/performance/barrier/perf_lib_cpp 4 100000 (timeout: 60s)
2025-03-29 13:50:15,868 - INFO - Results: {'num_threads': 4, 'total_phases': 100000, 'elapsed_seconds': 0.0951, 'phases_per_second': 1051712.96, 'test_name': 'perf_lib_cpp', 'status': 'success'}
2025-03-29 13:50:15,868 - INFO - Configuration: 4 threads, 100000 phases (Run 2/3)
2025-03-29 13:50:15,868 - INFO - Running command: ../build/performance/barrier/perf_lib_cpp 4 100000 (timeout: 60s)
2025-03-29 13:50:15,962 - INFO - Results: {'num_threads': 4, 'total_phases': 100000, 'elapsed_seconds': 0.0928, 'phases_per_second': 1077809.61, 'test_name': 'perf_lib_cpp', 'status': 'success'}
2025-03-29 13:50:15,962 - INFO - Configuration: 4 threads, 100000 phases (Run 3/3)
2025-03-29 13:50:15,962 - INFO - Running command: ../build/performance/barrier/perf_lib_cpp 4 100000 (timeout: 60s)
2025-03-29 13:50:16,049 - INFO - Results: {'num_threads': 4, 'total_phases': 100000, 'elapsed_seconds': 0.0851, 'phases_per_second': 1175321.33, 'test_name': 'perf_lib_cpp', 'status': 'success'}
2025-03-29 13:50:16,049 - INFO - Configuration: 8 threads, 100000 phases (Run 1/3)
2025-03-29 13:50:16,049 - INFO - Running command: ../build/performance/barrier/perf_lib_cpp 8 100000 (timeout: 60s)
2025-03-29 13:50:16,649 - INFO - Results: {'num_threads': 8, 'total_phases': 100000, 'elapsed_seconds': 0.5979, 'phases_per_second': 167250.2, 'test_name': 'perf_lib_cpp', 'status': 'success'}
2025-03-29 13:50:16,649 - INFO - Configuration: 8 threads, 100000 phases (Run 2/3)
2025-03-29 13:50:16,649 - INFO - Running command: ../build/performance/barrier/perf_lib_cpp 8 100000 (timeout: 60s)
2025-03-29 13:50:17,568 - INFO - Results: {'num_threads': 8, 'total_phases': 100000, 'elapsed_seconds': 0.9172, 'phases_per_second': 109032.16, 'test_name': 'perf_lib_cpp', 'status': 'success'}
2025-03-29 13:50:17,569 - INFO - Configuration: 8 threads, 100000 phases (Run 3/3)
2025-03-29 13:50:17,570 - INFO - Running command: ../build/performance/barrier/perf_lib_cpp 8 100000 (timeout: 60s)
2025-03-29 13:50:18,552 - INFO - Results: {'num_threads': 8, 'total_phases': 100000, 'elapsed_seconds': 0.9776, 'phases_per_second': 102287.13, 'test_name': 'perf_lib_cpp', 'status': 'success'}
2025-03-29 13:50:18,552 - INFO - Configuration: 16 threads, 100000 phases (Run 1/3)
2025-03-29 13:50:18,552 - INFO - Running command: ../build/performance/barrier/perf_lib_cpp 16 100000 (timeout: 60s)
2025-03-29 13:50:20,811 - INFO - Results: {'num_threads': 16, 'total_phases': 100000, 'elapsed_seconds': 2.2577, 'phases_per_second': 44292.22, 'test_name': 'perf_lib_cpp', 'status': 'success'}
2025-03-29 13:50:20,811 - INFO - Configuration: 16 threads, 100000 phases (Run 2/3)
2025-03-29 13:50:20,811 - INFO - Running command: ../build/performance/barrier/perf_lib_cpp 16 100000 (timeout: 60s)
2025-03-29 13:50:22,678 - INFO - Results: {'num_threads': 16, 'total_phases': 100000, 'elapsed_seconds': 1.8649, 'phases_per_second': 53623.56, 'test_name': 'perf_lib_cpp', 'status': 'success'}
2025-03-29 13:50:22,678 - INFO - Configuration: 16 threads, 100000 phases (Run 3/3)
2025-03-29 13:50:22,678 - INFO - Running command: ../build/performance/barrier/perf_lib_cpp 16 100000 (timeout: 60s)
2025-03-29 13:50:24,829 - INFO - Results: {'num_threads': 16, 'total_phases': 100000, 'elapsed_seconds': 2.1496, 'phases_per_second': 46519.57, 'test_name': 'perf_lib_cpp', 'status': 'success'}
2025-03-29 13:50:24,829 - INFO - All tests completed. Results saved to perf_lib_cpp/perf_lib_cpp_results.csv
