2025-03-25 19:00:16,631 - INFO - Starting barrier performance test runner
2025-03-25 19:00:16,632 - INFO - Test name: perf_lib_openmp
2025-03-25 19:00:16,632 - INFO - Executable: ../../../build/performance/barrier/perf_lib_openmp
2025-03-25 19:00:16,632 - INFO - Output directory: perf_lib_openmp
2025-03-25 19:00:16,632 - INFO - Log file: perf_lib_openmp/perf_lib_openmp_runner.log
2025-03-25 19:00:16,632 - INFO - CSV file: perf_lib_openmp/perf_lib_openmp_results.csv
2025-03-25 19:00:16,632 - INFO - Thread counts: [1, 2, 4, 8, 16]
2025-03-25 19:00:16,632 - INFO - Phase counts: [100000]
2025-03-25 19:00:16,632 - INFO - Runs per configuration: 3
2025-03-25 19:00:16,632 - INFO - Timeout per run: 60 seconds
2025-03-25 19:00:16,632 - INFO - Configuration: 1 threads, 100000 phases (Run 1/3)
2025-03-25 19:00:16,632 - INFO - Running command: ../../../build/performance/barrier/perf_lib_openmp 1 100000 (timeout: 60s)
2025-03-25 19:00:16,686 - INFO - Results: {'num_threads': 1, 'total_phases': 100000, 'elapsed_seconds': 0.0515, 'phases_per_second': 1939998.97, 'test_name': 'perf_lib_openmp', 'status': 'success'}
2025-03-25 19:00:16,686 - INFO - Configuration: 1 threads, 100000 phases (Run 2/3)
2025-03-25 19:00:16,686 - INFO - Running command: ../../../build/performance/barrier/perf_lib_openmp 1 100000 (timeout: 60s)
2025-03-25 19:00:16,739 - INFO - Results: {'num_threads': 1, 'total_phases': 100000, 'elapsed_seconds': 0.05, 'phases_per_second': 2000296.52, 'test_name': 'perf_lib_openmp', 'status': 'success'}
2025-03-25 19:00:16,740 - INFO - Configuration: 1 threads, 100000 phases (Run 3/3)
2025-03-25 19:00:16,740 - INFO - Running command: ../../../build/performance/barrier/perf_lib_openmp 1 100000 (timeout: 60s)
2025-03-25 19:00:16,795 - INFO - Results: {'num_threads': 1, 'total_phases': 100000, 'elapsed_seconds': 0.0521, 'phases_per_second': 1920164.29, 'test_name': 'perf_lib_openmp', 'status': 'success'}
2025-03-25 19:00:16,796 - INFO - Configuration: 2 threads, 100000 phases (Run 1/3)
2025-03-25 19:00:16,797 - INFO - Running command: ../../../build/performance/barrier/perf_lib_openmp 2 100000 (timeout: 60s)
2025-03-25 19:00:16,855 - INFO - Results: {'num_threads': 2, 'total_phases': 100000, 'elapsed_seconds': 0.0531, 'phases_per_second': 1881508.82, 'test_name': 'perf_lib_openmp', 'status': 'success'}
2025-03-25 19:00:16,855 - INFO - Configuration: 2 threads, 100000 phases (Run 2/3)
2025-03-25 19:00:16,856 - INFO - Running command: ../../../build/performance/barrier/perf_lib_openmp 2 100000 (timeout: 60s)
2025-03-25 19:00:16,912 - INFO - Results: {'num_threads': 2, 'total_phases': 100000, 'elapsed_seconds': 0.0535, 'phases_per_second': 1870700.09, 'test_name': 'perf_lib_openmp', 'status': 'success'}
2025-03-25 19:00:16,912 - INFO - Configuration: 2 threads, 100000 phases (Run 3/3)
2025-03-25 19:00:16,913 - INFO - Running command: ../../../build/performance/barrier/perf_lib_openmp 2 100000 (timeout: 60s)
2025-03-25 19:00:16,969 - INFO - Results: {'num_threads': 2, 'total_phases': 100000, 'elapsed_seconds': 0.0544, 'phases_per_second': 1836826.44, 'test_name': 'perf_lib_openmp', 'status': 'success'}
2025-03-25 19:00:16,969 - INFO - Configuration: 4 threads, 100000 phases (Run 1/3)
2025-03-25 19:00:16,970 - INFO - Running command: ../../../build/performance/barrier/perf_lib_openmp 4 100000 (timeout: 60s)
2025-03-25 19:00:17,062 - INFO - Results: {'num_threads': 4, 'total_phases': 100000, 'elapsed_seconds': 0.0896, 'phases_per_second': 1116212.45, 'test_name': 'perf_lib_openmp', 'status': 'success'}
2025-03-25 19:00:17,062 - INFO - Configuration: 4 threads, 100000 phases (Run 2/3)
2025-03-25 19:00:17,062 - INFO - Running command: ../../../build/performance/barrier/perf_lib_openmp 4 100000 (timeout: 60s)
2025-03-25 19:00:17,152 - INFO - Results: {'num_threads': 4, 'total_phases': 100000, 'elapsed_seconds': 0.0874, 'phases_per_second': 1143845.69, 'test_name': 'perf_lib_openmp', 'status': 'success'}
2025-03-25 19:00:17,152 - INFO - Configuration: 4 threads, 100000 phases (Run 3/3)
2025-03-25 19:00:17,153 - INFO - Running command: ../../../build/performance/barrier/perf_lib_openmp 4 100000 (timeout: 60s)
2025-03-25 19:00:17,428 - INFO - Results: {'num_threads': 4, 'total_phases': 100000, 'elapsed_seconds': 0.2729, 'phases_per_second': 366406.0, 'test_name': 'perf_lib_openmp', 'status': 'success'}
2025-03-25 19:00:17,428 - INFO - Configuration: 8 threads, 100000 phases (Run 1/3)
2025-03-25 19:00:17,428 - INFO - Running command: ../../../build/performance/barrier/perf_lib_openmp 8 100000 (timeout: 60s)
2025-03-25 19:00:19,452 - INFO - Results: {'num_threads': 8, 'total_phases': 100000, 'elapsed_seconds': 2.022, 'phases_per_second': 49455.14, 'test_name': 'perf_lib_openmp', 'status': 'success'}
2025-03-25 19:00:19,453 - INFO - Configuration: 8 threads, 100000 phases (Run 2/3)
2025-03-25 19:00:19,453 - INFO - Running command: ../../../build/performance/barrier/perf_lib_openmp 8 100000 (timeout: 60s)
2025-03-25 19:00:21,225 - INFO - Results: {'num_threads': 8, 'total_phases': 100000, 'elapsed_seconds': 1.7698, 'phases_per_second': 56503.29, 'test_name': 'perf_lib_openmp', 'status': 'success'}
2025-03-25 19:00:21,225 - INFO - Configuration: 8 threads, 100000 phases (Run 3/3)
2025-03-25 19:00:21,225 - INFO - Running command: ../../../build/performance/barrier/perf_lib_openmp 8 100000 (timeout: 60s)
2025-03-25 19:00:23,230 - INFO - Results: {'num_threads': 8, 'total_phases': 100000, 'elapsed_seconds': 2.0019, 'phases_per_second': 49953.76, 'test_name': 'perf_lib_openmp', 'status': 'success'}
2025-03-25 19:00:23,230 - INFO - Configuration: 16 threads, 100000 phases (Run 1/3)
2025-03-25 19:00:23,230 - INFO - Running command: ../../../build/performance/barrier/perf_lib_openmp 16 100000 (timeout: 60s)
2025-03-25 19:00:27,944 - INFO - Results: {'num_threads': 16, 'total_phases': 100000, 'elapsed_seconds': 4.7111, 'phases_per_second': 21226.67, 'test_name': 'perf_lib_openmp', 'status': 'success'}
2025-03-25 19:00:27,944 - INFO - Configuration: 16 threads, 100000 phases (Run 2/3)
2025-03-25 19:00:27,944 - INFO - Running command: ../../../build/performance/barrier/perf_lib_openmp 16 100000 (timeout: 60s)
2025-03-25 19:00:32,495 - INFO - Results: {'num_threads': 16, 'total_phases': 100000, 'elapsed_seconds': 4.5483, 'phases_per_second': 21986.11, 'test_name': 'perf_lib_openmp', 'status': 'success'}
2025-03-25 19:00:32,495 - INFO - Configuration: 16 threads, 100000 phases (Run 3/3)
2025-03-25 19:00:32,495 - INFO - Running command: ../../../build/performance/barrier/perf_lib_openmp 16 100000 (timeout: 60s)
2025-03-25 19:00:38,105 - INFO - Results: {'num_threads': 16, 'total_phases': 100000, 'elapsed_seconds': 5.6068, 'phases_per_second': 17835.62, 'test_name': 'perf_lib_openmp', 'status': 'success'}
2025-03-25 19:00:38,105 - INFO - All tests completed. Results saved to perf_lib_openmp/perf_lib_openmp_results.csv
