2025-03-25 19:00:58,064 - INFO - Starting barrier performance test runner
2025-03-25 19:00:58,064 - INFO - Test name: perf_SR
2025-03-25 19:00:58,064 - INFO - Executable: ../../../build/performance/barrier/perf_SR
2025-03-25 19:00:58,065 - INFO - Output directory: perf_SR
2025-03-25 19:00:58,065 - INFO - Log file: perf_SR/perf_SR_runner.log
2025-03-25 19:00:58,065 - INFO - CSV file: perf_SR/perf_SR_results.csv
2025-03-25 19:00:58,065 - INFO - Thread counts: [1, 2, 4, 8, 16]
2025-03-25 19:00:58,065 - INFO - Phase counts: [100000]
2025-03-25 19:00:58,065 - INFO - Runs per configuration: 3
2025-03-25 19:00:58,065 - INFO - Timeout per run: 60 seconds
2025-03-25 19:00:58,065 - INFO - Configuration: 1 threads, 100000 phases (Run 1/3)
2025-03-25 19:00:58,065 - INFO - Running command: ../../../build/performance/barrier/perf_SR 1 100000 (timeout: 60s)
2025-03-25 19:00:58,070 - INFO - Results: {'num_threads': 1, 'total_phases': 100000, 'elapsed_seconds': 0.0024, 'phases_per_second': 40851959.44, 'test_name': 'perf_SR', 'status': 'success'}
2025-03-25 19:00:58,070 - INFO - Configuration: 1 threads, 100000 phases (Run 2/3)
2025-03-25 19:00:58,070 - INFO - Running command: ../../../build/performance/barrier/perf_SR 1 100000 (timeout: 60s)
2025-03-25 19:00:58,075 - INFO - Results: {'num_threads': 1, 'total_phases': 100000, 'elapsed_seconds': 0.0018, 'phases_per_second': 54063639.39, 'test_name': 'perf_SR', 'status': 'success'}
2025-03-25 19:00:58,075 - INFO - Configuration: 1 threads, 100000 phases (Run 3/3)
2025-03-25 19:00:58,075 - INFO - Running command: ../../../build/performance/barrier/perf_SR 1 100000 (timeout: 60s)
2025-03-25 19:00:58,079 - INFO - Results: {'num_threads': 1, 'total_phases': 100000, 'elapsed_seconds': 0.0019, 'phases_per_second': 53252644.93, 'test_name': 'perf_SR', 'status': 'success'}
2025-03-25 19:00:58,079 - INFO - Configuration: 2 threads, 100000 phases (Run 1/3)
2025-03-25 19:00:58,079 - INFO - Running command: ../../../build/performance/barrier/perf_SR 2 100000 (timeout: 60s)
2025-03-25 19:00:58,091 - INFO - Results: {'num_threads': 2, 'total_phases': 100000, 'elapsed_seconds': 0.0105, 'phases_per_second': 9538790.88, 'test_name': 'perf_SR', 'status': 'success'}
2025-03-25 19:00:58,092 - INFO - Configuration: 2 threads, 100000 phases (Run 2/3)
2025-03-25 19:00:58,092 - INFO - Running command: ../../../build/performance/barrier/perf_SR 2 100000 (timeout: 60s)
2025-03-25 19:00:58,104 - INFO - Results: {'num_threads': 2, 'total_phases': 100000, 'elapsed_seconds': 0.0101, 'phases_per_second': 9875335.74, 'test_name': 'perf_SR', 'status': 'success'}
2025-03-25 19:00:58,105 - INFO - Configuration: 2 threads, 100000 phases (Run 3/3)
2025-03-25 19:00:58,105 - INFO - Running command: ../../../build/performance/barrier/perf_SR 2 100000 (timeout: 60s)
2025-03-25 19:00:58,112 - INFO - Results: {'num_threads': 2, 'total_phases': 100000, 'elapsed_seconds': 0.0043, 'phases_per_second': 23160527.24, 'test_name': 'perf_SR', 'status': 'success'}
2025-03-25 19:00:58,112 - INFO - Configuration: 4 threads, 100000 phases (Run 1/3)
2025-03-25 19:00:58,112 - INFO - Running command: ../../../build/performance/barrier/perf_SR 4 100000 (timeout: 60s)
2025-03-25 19:00:58,144 - INFO - Results: {'num_threads': 4, 'total_phases': 100000, 'elapsed_seconds': 0.0292, 'phases_per_second': 3421159.63, 'test_name': 'perf_SR', 'status': 'success'}
2025-03-25 19:00:58,144 - INFO - Configuration: 4 threads, 100000 phases (Run 2/3)
2025-03-25 19:00:58,144 - INFO - Running command: ../../../build/performance/barrier/perf_SR 4 100000 (timeout: 60s)
2025-03-25 19:00:58,184 - INFO - Results: {'num_threads': 4, 'total_phases': 100000, 'elapsed_seconds': 0.038, 'phases_per_second': 2633091.24, 'test_name': 'perf_SR', 'status': 'success'}
2025-03-25 19:00:58,185 - INFO - Configuration: 4 threads, 100000 phases (Run 3/3)
2025-03-25 19:00:58,185 - INFO - Running command: ../../../build/performance/barrier/perf_SR 4 100000 (timeout: 60s)
2025-03-25 19:00:58,258 - INFO - Results: {'num_threads': 4, 'total_phases': 100000, 'elapsed_seconds': 0.0713, 'phases_per_second': 1403215.98, 'test_name': 'perf_SR', 'status': 'success'}
2025-03-25 19:00:58,259 - INFO - Configuration: 8 threads, 100000 phases (Run 1/3)
2025-03-25 19:00:58,259 - INFO - Running command: ../../../build/performance/barrier/perf_SR 8 100000 (timeout: 60s)
2025-03-25 19:01:58,324 - ERROR - Test timed out after 60 seconds
2025-03-25 19:01:58,325 - ERROR - Test execution failed with status: timeout
2025-03-25 19:01:58,325 - INFO - Configuration: 8 threads, 100000 phases (Run 2/3)
2025-03-25 19:01:58,325 - INFO - Running command: ../../../build/performance/barrier/perf_SR 8 100000 (timeout: 60s)
2025-03-25 19:02:58,388 - ERROR - Test timed out after 60 seconds
2025-03-25 19:02:58,389 - ERROR - Test execution failed with status: timeout
2025-03-25 19:02:58,389 - INFO - Configuration: 8 threads, 100000 phases (Run 3/3)
2025-03-25 19:02:58,389 - INFO - Running command: ../../../build/performance/barrier/perf_SR 8 100000 (timeout: 60s)
2025-03-25 19:03:58,450 - ERROR - Test timed out after 60 seconds
2025-03-25 19:03:58,451 - ERROR - Test execution failed with status: timeout
2025-03-25 19:03:58,451 - INFO - Configuration: 16 threads, 100000 phases (Run 1/3)
2025-03-25 19:03:58,451 - INFO - Running command: ../../../build/performance/barrier/perf_SR 16 100000 (timeout: 60s)
2025-03-25 19:04:58,519 - ERROR - Test timed out after 60 seconds
2025-03-25 19:04:58,519 - ERROR - Test execution failed with status: timeout
2025-03-25 19:04:58,519 - INFO - Configuration: 16 threads, 100000 phases (Run 2/3)
2025-03-25 19:04:58,519 - INFO - Running command: ../../../build/performance/barrier/perf_SR 16 100000 (timeout: 60s)
2025-03-25 19:05:58,585 - ERROR - Test timed out after 60 seconds
2025-03-25 19:05:58,586 - ERROR - Test execution failed with status: timeout
2025-03-25 19:05:58,586 - INFO - Configuration: 16 threads, 100000 phases (Run 3/3)
2025-03-25 19:05:58,586 - INFO - Running command: ../../../build/performance/barrier/perf_SR 16 100000 (timeout: 60s)
2025-03-25 19:06:58,648 - ERROR - Test timed out after 60 seconds
2025-03-25 19:06:58,649 - ERROR - Test execution failed with status: timeout
2025-03-25 19:06:58,649 - INFO - All tests completed. Results saved to perf_SR/perf_SR_results.csv
